<?xml version="1.0" encoding="UTF-8"?>
<testsuite xmlns:xsi="http://www.w3.org/2001/XMLSchema-instance" xsi:noNamespaceSchemaLocation="https://maven.apache.org/surefire/maven-surefire-plugin/xsd/surefire-test-report.xsd" version="3.0.2" name="com.guilherme.AppRH.AppRhApplicationTests" time="10.163" tests="1" errors="0" skipped="0" failures="0">
  <properties>
[...]
</properties>
  <testcase name="contextLoads" classname="com.guilherme.AppRH.AppRhApplicationTests" time="0.904">
    <system-out><![CDATA[15:42:44.939 [main] INFO org.springframework.test.context.support.AnnotationConfigContextLoaderUtils -- Could not detect default configuration classes for test class [com.guilherme.AppRH.AppRhApplicationTests]: AppRhApplicationTests does not declare any static, non-private, non-final, nested classes annotated with @Configuration.
15:42:45.298 [main] INFO org.springframework.boot.test.context.SpringBootTestContextBootstrapper -- Found @SpringBootConfiguration com.guilherme.AppRH.AppRhApplication for test class com.guilherme.AppRH.AppRhApplicationTests
15:42:45.916 [main] INFO org.springframework.boot.devtools.restart.RestartApplicationListener -- Restart disabled due to context in which it is running

  .   ____          _            __ _ _
 /\\ / ___'_ __ _ _(_)_ __  __ _ \ \ \ \
( ( )\___ | '_ | '_| | '_ \/ _` | \ \ \ \
 \\/  ___)| |_)| | | | | || (_| |  ) ) ) )
  '  |____| .__|_| |_|_| |_\__, | / / / /
 =========|_|==============|___/=/_/_/_/

 :: Spring Boot ::                (v3.5.7)

2025-10-29T15:42:46.499-03:00  INFO 23064 --- [AppRH] [           main] c.guilherme.AppRH.AppRhApplicationTests  : Starting AppRhApplicationTests using Java 17.0.9 with PID 23064 (started by guilherme.monte in C:\Users\guilherme.monte\Downloads\AppRH\AppRH)
2025-10-29T15:42:46.503-03:00  INFO 23064 --- [AppRH] [           main] c.guilherme.AppRH.AppRhApplicationTests  : No active profile set, falling back to 1 default profile: "default"
2025-10-29T15:42:48.012-03:00  INFO 23064 --- [AppRH] [           main] .s.d.r.c.RepositoryConfigurationDelegate : Bootstrapping Spring Data JPA repositories in DEFAULT mode.
2025-10-29T15:42:48.145-03:00  INFO 23064 --- [AppRH] [           main] .s.d.r.c.RepositoryConfigurationDelegate : Finished Spring Data repository scanning in 111 ms. Found 3 JPA repository interfaces.
2025-10-29T15:42:48.973-03:00  INFO 23064 --- [AppRH] [           main] o.hibernate.jpa.internal.util.LogHelper  : HHH000204: Processing PersistenceUnitInfo [name: default]
2025-10-29T15:42:49.117-03:00  INFO 23064 --- [AppRH] [           main] org.hibernate.Version                    : HHH000412: Hibernate ORM core version 6.6.33.Final
2025-10-29T15:42:49.217-03:00  INFO 23064 --- [AppRH] [           main] o.h.c.internal.RegionFactoryInitiator    : HHH000026: Second-level cache disabled
2025-10-29T15:42:49.981-03:00  INFO 23064 --- [AppRH] [           main] o.s.o.j.p.SpringPersistenceUnitInfo      : No LoadTimeWeaver setup: ignoring JPA class transformer
2025-10-29T15:42:50.037-03:00  INFO 23064 --- [AppRH] [           main] com.zaxxer.hikari.HikariDataSource       : HikariPool-1 - Starting...
2025-10-29T15:42:50.396-03:00  INFO 23064 --- [AppRH] [           main] com.zaxxer.hikari.pool.HikariPool        : HikariPool-1 - Added connection conn0: url=jdbc:h2:mem:testdb user=SA
2025-10-29T15:42:50.401-03:00  INFO 23064 --- [AppRH] [           main] com.zaxxer.hikari.HikariDataSource       : HikariPool-1 - Start completed.
2025-10-29T15:42:50.451-03:00  WARN 23064 --- [AppRH] [           main] org.hibernate.orm.deprecation            : HHH90000025: H2Dialect does not need to be specified explicitly using 'hibernate.dialect' (remove the property setting and it will be selected by default)
2025-10-29T15:42:50.490-03:00  INFO 23064 --- [AppRH] [           main] org.hibernate.orm.connections.pooling    : HHH10001005: Database info:
	Database JDBC URL [Connecting through datasource 'HikariDataSource (HikariPool-1)']
	Database driver: undefined/unknown
	Database version: 2.3.232
	Autocommit mode: undefined/unknown
	Isolation level: undefined/unknown
	Minimum pool size: undefined/unknown
	Maximum pool size: undefined/unknown
Hibernate: create global temporary table HTE_registro_ferias(ferias_data_fim date, ferias_data_inicio date, ferias_duracao_dias integer, ferias_id integer, rn_ integer not null, colaborador_colaborador_id uuid, ferias_status enum ('Aprovada','PendenteDeAprovacao','Rejeitada'), primary key (rn_)) TRANSACTIONAL
Hibernate: create global temporary table HTE_departamento(departamento_id integer, rn_ integer not null, departamento_nome varchar(255), primary key (rn_)) TRANSACTIONAL
2025-10-29T15:42:51.838-03:00  INFO 23064 --- [AppRH] [           main] o.h.e.t.j.p.i.JtaPlatformInitiator       : HHH000489: No JTA platform available (set 'hibernate.transaction.jta.platform' to enable JTA platform integration)
Hibernate: create table colaborador (colaborador_id uuid not null, colaboradorcpf varchar(255), colaborador_data_nascimento date, colaborador_email varchar(255), colaborador_nome varchar(255), colaborador_telefone integer, departamento_id integer, primary key (colaborador_id))
Hibernate: create table departamento (departamento_id integer not null, departamento_nome varchar(255), primary key (departamento_id))
Hibernate: create table registro_ferias (ferias_id integer not null, ferias_data_fim date, ferias_data_inicio date, ferias_duracao_dias integer not null, ferias_status enum ('Aprovada','PendenteDeAprovacao','Rejeitada'), colaborador_colaborador_id uuid, primary key (ferias_id))
Hibernate: alter table if exists registro_ferias drop constraint if exists UK4hg0cachdbh3oe1dag68955ks
Hibernate: alter table if exists registro_ferias add constraint UK4hg0cachdbh3oe1dag68955ks unique (colaborador_colaborador_id)
Hibernate: create sequence departamento_seq start with 1 increment by 50
Hibernate: create sequence registro_ferias_seq start with 1 increment by 50
Hibernate: alter table if exists colaborador add constraint FK8axht4warw2hh1qtfwqdhkonu foreign key (departamento_id) references departamento
Hibernate: alter table if exists registro_ferias add constraint FK859wh0ev5ivwvp22nj9uv5p8b foreign key (colaborador_colaborador_id) references colaborador
2025-10-29T15:42:51.898-03:00  INFO 23064 --- [AppRH] [           main] j.LocalContainerEntityManagerFactoryBean : Initialized JPA EntityManagerFactory for persistence unit 'default'
2025-10-29T15:42:52.723-03:00  WARN 23064 --- [AppRH] [           main] JpaBaseConfiguration$JpaWebConfiguration : spring.jpa.open-in-view is enabled by default. Therefore, database queries may be performed during view rendering. Explicitly configure spring.jpa.open-in-view to disable this warning
2025-10-29T15:42:52.818-03:00  INFO 23064 --- [AppRH] [           main] o.s.v.b.OptionalValidatorFactoryBean     : Failed to set up a Bean Validation provider: jakarta.validation.NoProviderFoundException: Unable to create a Configuration, because no Jakarta Bean Validation provider could be found. Add a provider like Hibernate Validator (RI) to your classpath.
2025-10-29T15:42:53.322-03:00  WARN 23064 --- [AppRH] [           main] ion$DefaultTemplateResolverConfiguration : Cannot find template location: classpath:/templates/ (please add some templates, check your Thymeleaf configuration, or set spring.thymeleaf.check-template-location=false)
2025-10-29T15:42:53.546-03:00  INFO 23064 --- [AppRH] [           main] o.s.b.a.h2.H2ConsoleAutoConfiguration    : H2 console available at '/h2-console'. Database available at 'jdbc:h2:mem:testdb'
2025-10-29T15:42:53.694-03:00  INFO 23064 --- [AppRH] [           main] c.guilherme.AppRH.AppRhApplicationTests  : Started AppRhApplicationTests in 7.807 seconds (process running for 10.304)
]]></system-out>
  </testcase>
</testsuite>